# JRE version: OpenJDK Runtime Environment Zulu15.40+19-CA (15.0.7+4) (build 15.0.7+4-MTS)
# Java VM: OpenJDK 64-Bit Server VM Zulu15.40+19-CA (15.0.7+4-MTS, mixed mode, sharing, tiered, compressed oops, g1 gc, linux-amd64)
GC Precious Log:
 CPUs: 8 total, 8 available
 Memory: 15748M
 Large Page Support: Disabled
 NUMA Support: Disabled
 Compressed Oops: Enabled (Zero based)
 Heap Region Size: 2M
 Heap Min Capacity: 8M
 Heap Initial Capacity: 248M
 Heap Max Capacity: 3938M
 Pre-touch: Disabled
 Parallel Workers: 8
 Concurrent Workers: 2
 Concurrent Refinement Workers: 8
 Periodic GC: Disabled
Heap:
 garbage-first heap   total 83968K, used 50105K [0x0000000709e00000, 0x0000000800000000)
  region size 2048K, 19 young (38912K), 3 survivors (6144K)
 Metaspace       used 41661K, capacity 42100K, committed 42416K, reserved 1085440K
  class space    used 5447K, capacity 5611K, committed 5632K, reserved 1048576K
GC Heap History (16 events):
Event: 0,820 GC heap before
{Heap before GC invocations=0 (full 0):
 garbage-first heap   total 258048K, used 24376K [0x0000000709e00000, 0x0000000800000000)
  region size 2048K, 11 young (22528K), 0 survivors (0K)
 Metaspace       used 5505K, capacity 5707K, committed 5888K, reserved 1056768K
  class space    used 651K, capacity 701K, committed 768K, reserved 1048576K
}
Event: 0,823 GC heap after
{Heap after GC invocations=1 (full 0):
 garbage-first heap   total 258048K, used 8695K [0x0000000709e00000, 0x0000000800000000)
  region size 2048K, 2 young (4096K), 2 survivors (4096K)
 Metaspace       used 5505K, capacity 5707K, committed 5888K, reserved 1056768K
  class space    used 651K, capacity 701K, committed 768K, reserved 1048576K
}
Event: 1,118 GC heap before
{Heap before GC invocations=1 (full 0):
 garbage-first heap   total 258048K, used 31223K [0x0000000709e00000, 0x0000000800000000)
  region size 2048K, 13 young (26624K), 2 survivors (4096K)
 Metaspace       used 9724K, capacity 9960K, committed 10368K, reserved 1058816K
  class space    used 1218K, capacity 1285K, committed 1408K, reserved 1048576K
}
Event: 1,123 GC heap after
{Heap after GC invocations=2 (full 0):
 garbage-first heap   total 258048K, used 10085K [0x0000000709e00000, 0x0000000800000000)
  region size 2048K, 1 young (2048K), 1 survivors (2048K)
 Metaspace       used 9724K, capacity 9960K, committed 10368K, reserved 1058816K
  class space    used 1218K, capacity 1285K, committed 1408K, reserved 1048576K
}
Event: 1,505 GC heap before
{Heap before GC invocations=2 (full 0):
 garbage-first heap   total 258048K, used 79717K [0x0000000709e00000, 0x0000000800000000)
  region size 2048K, 35 young (71680K), 1 survivors (2048K)
 Metaspace       used 20514K, capacity 20885K, committed 21120K, reserved 1067008K
  class space    used 2694K, capacity 2835K, committed 2944K, reserved 1048576K
}
Event: 1,509 GC heap after
{Heap after GC invocations=3 (full 0):
 garbage-first heap   total 258048K, used 13394K [0x0000000709e00000, 0x0000000800000000)
  region size 2048K, 3 young (6144K), 3 survivors (6144K)
 Metaspace       used 20514K, capacity 20885K, committed 21120K, reserved 1067008K
  class space    used 2694K, capacity 2835K, committed 2944K, reserved 1048576K
}
Event: 1,516 GC heap before
{Heap before GC invocations=3 (full 0):
 garbage-first heap   total 258048K, used 15442K [0x0000000709e00000, 0x0000000800000000)
  region size 2048K, 5 young (10240K), 3 survivors (6144K)
 Metaspace       used 20793K, capacity 21109K, committed 21296K, reserved 1067008K
  class space    used 2734K, capacity 2867K, committed 2944K, reserved 1048576K
}
Event: 1,520 GC heap after
{Heap after GC invocations=4 (full 0):
 garbage-first heap   total 258048K, used 13760K [0x0000000709e00000, 0x0000000800000000)
  region size 2048K, 3 young (6144K), 3 survivors (6144K)
 Metaspace       used 20793K, capacity 21109K, committed 21296K, reserved 1067008K
  class space    used 2734K, capacity 2867K, committed 2944K, reserved 1048576K
}
Event: 1,701 GC heap before
{Heap before GC invocations=5 (full 0):
 garbage-first heap   total 69632K, used 48576K [0x0000000709e00000, 0x0000000800000000)
  region size 2048K, 20 young (40960K), 3 survivors (6144K)
 Metaspace       used 24583K, capacity 25017K, committed 25264K, reserved 1071104K
  class space    used 3150K, capacity 3292K, committed 3328K, reserved 1048576K
}
Event: 1,709 GC heap after
{Heap after GC invocations=6 (full 0):
 garbage-first heap   total 69632K, used 15131K [0x0000000709e00000, 0x0000000800000000)
  region size 2048K, 1 young (2048K), 1 survivors (2048K)
 Metaspace       used 24583K, capacity 25017K, committed 25264K, reserved 1071104K
  class space    used 3150K, capacity 3292K, committed 3328K, reserved 1048576K
}
Event: 1,872 GC heap before
{Heap before GC invocations=7 (full 0):
 garbage-first heap   total 69632K, used 45851K [0x0000000709e00000, 0x0000000800000000)
  region size 2048K, 16 young (32768K), 1 survivors (2048K)
 Metaspace       used 27922K, capacity 28334K, committed 28848K, reserved 1075200K
  class space    used 3578K, capacity 3713K, committed 3840K, reserved 1048576K
}
Event: 1,877 GC heap after
{Heap after GC invocations=8 (full 0):
 garbage-first heap   total 83968K, used 16593K [0x0000000709e00000, 0x0000000800000000)
  region size 2048K, 2 young (4096K), 2 survivors (4096K)
 Metaspace       used 27922K, capacity 28334K, committed 28848K, reserved 1075200K
  class space    used 3578K, capacity 3713K, committed 3840K, reserved 1048576K
}
Event: 2,291 GC heap before
{Heap before GC invocations=8 (full 0):
 garbage-first heap   total 83968K, used 57553K [0x0000000709e00000, 0x0000000800000000)
  region size 2048K, 22 young (45056K), 2 survivors (4096K)
 Metaspace       used 33049K, capacity 33471K, committed 33840K, reserved 1079296K
  class space    used 4263K, capacity 4426K, committed 4480K, reserved 1048576K
}
Event: 2,299 GC heap after
{Heap after GC invocations=9 (full 0):
 garbage-first heap   total 83968K, used 19173K [0x0000000709e00000, 0x0000000800000000)
  region size 2048K, 3 young (6144K), 3 survivors (6144K)
 Metaspace       used 33049K, capacity 33471K, committed 33840K, reserved 1079296K
  class space    used 4263K, capacity 4426K, committed 4480K, reserved 1048576K
}
Event: 2,593 GC heap before
{Heap before GC invocations=9 (full 0):
 garbage-first heap   total 83968K, used 58085K [0x0000000709e00000, 0x0000000800000000)
  region size 2048K, 22 young (45056K), 3 survivors (6144K)
 Metaspace       used 36777K, capacity 37245K, committed 37680K, reserved 1081344K
  class space    used 4750K, capacity 4916K, committed 4992K, reserved 1048576K
}
Event: 2,598 GC heap after
{Heap after GC invocations=10 (full 0):
 garbage-first heap   total 83968K, used 21433K [0x0000000709e00000, 0x0000000800000000)
  region size 2048K, 3 young (6144K), 3 survivors (6144K)
 Metaspace       used 36777K, capacity 37245K, committed 37680K, reserved 1081344K
  class space    used 4750K, capacity 4916K, committed 4992K, reserved 1048576K
}

